<?xml version="1.0" encoding="UTF-8"?>
<!-- Generated by org.testng.reporters.JUnitReportReporter -->
<testsuite skipped="0" hostname="DESKTOP-3HB8IKU" name="Browser.ScriptRecord" tests="1" failures="0" timestamp="13 Aug 2019 10:55:28 GMT" time="16.846" errors="0">
  <testcase name="testApp" time="16.846" classname="Browser.ScriptRecord"/>
</testsuite> <!-- Browser.ScriptRecord -->
