<?xml version="1.0" encoding="UTF-8"?>
<!-- Generated by org.testng.reporters.JUnitReportReporter -->
<testsuite skipped="0" hostname="DESKTOP-3HB8IKU" name="Browser.MultiBrowser" tests="2" failures="0" timestamp="23 Sep 2019 04:04:20 GMT" time="37.922" errors="0">
  <testcase name="testParameterWithXML" time="19.377" classname="Browser.MultiBrowser"/>
  <testcase name="testParameterWithXML" time="18.545" classname="Browser.MultiBrowser"/>
</testsuite> <!-- Browser.MultiBrowser -->
