<?xml version="1.0" encoding="UTF-8"?>
<!-- Generated by org.testng.reporters.JUnitReportReporter -->
<testsuite skipped="0" hostname="DESKTOP-3HB8IKU" name="ScrollBar.ByPixel" tests="1" failures="0" timestamp="01 Oct 2019 07:37:43 GMT" time="28.463" errors="0">
  <testcase name="Bypixel" time="28.463" classname="ScrollBar.ByPixel"/>
</testsuite> <!-- ScrollBar.ByPixel -->
