<?xml version="1.0" encoding="UTF-8"?>
<!-- Generated by org.testng.reporters.JUnitReportReporter -->
<testsuite skipped="0" hostname="DESKTOP-3HB8IKU" name="ScrollBar.bottom_of_page" tests="1" failures="0" timestamp="01 Oct 2019 10:52:34 GMT" time="48.298" errors="0">
  <testcase name="ByPage" time="48.298" classname="ScrollBar.bottom_of_page"/>
</testsuite> <!-- ScrollBar.bottom_of_page -->
