<?xml version="1.0" encoding="UTF-8"?>
<!-- Generated by org.testng.reporters.JUnitReportReporter -->
<testsuite skipped="0" hostname="DESKTOP-3HB8IKU" name="ScrollBar.visibility_of_element" tests="1" failures="0" timestamp="01 Oct 2019 10:48:00 GMT" time="22.909" errors="0">
  <testcase name="ByVisibleElement" time="22.909" classname="ScrollBar.visibility_of_element"/>
</testsuite> <!-- ScrollBar.visibility_of_element -->
