<?xml version="1.0" encoding="UTF-8"?>
<!-- Generated by org.testng.reporters.JUnitReportReporter -->
<testsuite skipped="0" hostname="DESKTOP-3HB8IKU" name="ScrollBar.horizontally_in_left_direction" tests="1" failures="0" timestamp="01 Oct 2019 11:57:47 GMT" time="23.314" errors="0">
  <testcase name="left_Horizontal" time="23.314" classname="ScrollBar.horizontally_in_left_direction"/>
</testsuite> <!-- ScrollBar.horizontally_in_left_direction -->
