<?xml version="1.0" encoding="UTF-8"?>
<!-- Generated by org.testng.reporters.JUnitReportReporter -->
<testsuite skipped="0" hostname="DESKTOP-3HB8IKU" name="Database.ConnectMySQL" tests="1" failures="0" timestamp="17 Sep 2019 09:03:31 GMT" time="0.487" errors="0">
  <testcase name="testDB" time="0.487" classname="Database.ConnectMySQL"/>
</testsuite> <!-- Database.ConnectMySQL -->
