<?xml version="1.0" encoding="UTF-8"?>
<!-- Generated by org.testng.reporters.JUnitReportReporter -->
<testsuite skipped="0" hostname="DESKTOP-3HB8IKU" name="Browser.MultiBrowser" tests="2" failures="0" timestamp="12 Aug 2019 07:29:00 GMT" time="21.985" errors="0">
  <testcase name="testParameterWithXML" time="10.277" classname="Browser.MultiBrowser"/>
  <testcase name="testParameterWithXML" time="11.708" classname="Browser.MultiBrowser"/>
</testsuite> <!-- Browser.MultiBrowser -->
